<?xml version="1.0" encoding="UTF-8"?>
<testng-results skipped="0" failed="0" ignored="0" total="7" passed="7">
  <reporter-output>
  </reporter-output>
  <suite name="Suite" duration-ms="110" started-at="2019-10-15T12:24:09Z" finished-at="2019-10-15T12:24:09Z">
    <groups>
    </groups>
    <test name="Test" duration-ms="110" started-at="2019-10-15T12:24:09Z" finished-at="2019-10-15T12:24:09Z">
      <class name="demo.NewTest10">
        <test-method status="PASS" signature="f()[pri:0, instance:demo.NewTest10@29774679]" name="f" duration-ms="0" started-at="2019-10-15T12:24:09Z" finished-at="2019-10-15T12:24:09Z">
          <reporter-output>
          </reporter-output>
        </test-method> <!-- f -->
      </class> <!-- demo.NewTest10 -->
      <class name="demo.NewTest4">
        <test-method status="PASS" signature="f()[pri:0, instance:demo.NewTest4@61832929]" name="f" duration-ms="0" started-at="2019-10-15T12:24:09Z" finished-at="2019-10-15T12:24:09Z">
          <reporter-output>
          </reporter-output>
        </test-method> <!-- f -->
      </class> <!-- demo.NewTest4 -->
      <class name="demo.NewTest5">
        <test-method status="PASS" signature="run4()[pri:0, instance:demo.NewTest5@5b275dab]" name="run4" is-config="true" duration-ms="15" started-at="2019-10-15T12:24:09Z" finished-at="2019-10-15T12:24:09Z">
          <reporter-output>
          </reporter-output>
        </test-method> <!-- run4 -->
        <test-method status="PASS" signature="test6()[pri:0, instance:demo.NewTest5@5b275dab]" name="test6" is-config="true" duration-ms="0" started-at="2019-10-15T12:24:09Z" finished-at="2019-10-15T12:24:09Z">
          <reporter-output>
          </reporter-output>
        </test-method> <!-- test6 -->
        <test-method status="PASS" signature="run()[pri:0, instance:demo.NewTest5@5b275dab]" name="run" is-config="true" duration-ms="0" started-at="2019-10-15T12:24:09Z" finished-at="2019-10-15T12:24:09Z">
          <reporter-output>
          </reporter-output>
        </test-method> <!-- run -->
        <test-method status="PASS" signature="rum()[pri:0, instance:demo.NewTest5@5b275dab]" name="rum" duration-ms="0" started-at="2019-10-15T12:24:09Z" finished-at="2019-10-15T12:24:09Z">
          <reporter-output>
          </reporter-output>
        </test-method> <!-- rum -->
        <test-method status="PASS" signature="test2()[pri:0, instance:demo.NewTest5@5b275dab]" name="test2" is-config="true" duration-ms="0" started-at="2019-10-15T12:24:09Z" finished-at="2019-10-15T12:24:09Z">
          <reporter-output>
          </reporter-output>
        </test-method> <!-- test2 -->
        <test-method status="PASS" signature="f()[pri:2, instance:demo.NewTest5@5b275dab]" name="f" duration-ms="0" started-at="2019-10-15T12:24:09Z" finished-at="2019-10-15T12:24:09Z">
          <reporter-output>
          </reporter-output>
        </test-method> <!-- f -->
        <test-method status="PASS" signature="test2()[pri:0, instance:demo.NewTest5@5b275dab]" name="test2" is-config="true" duration-ms="0" started-at="2019-10-15T12:24:09Z" finished-at="2019-10-15T12:24:09Z">
          <reporter-output>
          </reporter-output>
        </test-method> <!-- test2 -->
        <test-method status="PASS" signature="run()[pri:0, instance:demo.NewTest5@5b275dab]" name="run" is-config="true" duration-ms="0" started-at="2019-10-15T12:24:09Z" finished-at="2019-10-15T12:24:09Z">
          <reporter-output>
          </reporter-output>
        </test-method> <!-- run -->
      </class> <!-- demo.NewTest5 -->
      <class name="demo.NewTest7">
        <test-method status="PASS" signature="f()[pri:0, instance:demo.NewTest7@26653222]" name="f" duration-ms="16" started-at="2019-10-15T12:24:09Z" finished-at="2019-10-15T12:24:09Z">
          <reporter-output>
          </reporter-output>
        </test-method> <!-- f -->
      </class> <!-- demo.NewTest7 -->
      <class name="demo.NewTest9">
        <test-method status="PASS" signature="f()[pri:0, instance:demo.NewTest9@5e5792a0]" name="f" duration-ms="0" started-at="2019-10-15T12:24:09Z" finished-at="2019-10-15T12:24:09Z">
          <reporter-output>
          </reporter-output>
        </test-method> <!-- f -->
      </class> <!-- demo.NewTest9 -->
      <class name="demo.NewTest">
        <test-method status="PASS" signature="f()[pri:0, instance:demo.NewTest@3ffc5af1]" name="f" duration-ms="0" started-at="2019-10-15T12:24:09Z" finished-at="2019-10-15T12:24:09Z">
          <reporter-output>
          </reporter-output>
        </test-method> <!-- f -->
      </class> <!-- demo.NewTest -->
    </test> <!-- Test -->
  </suite> <!-- Suite -->
</testng-results>
