<?xml version="1.0" encoding="UTF-8"?>
<!-- Generated by org.testng.reporters.JUnitXMLReporter -->
<testsuite hostname="DESKTOP-QN6CF8Q" ignored="0" name="Test" tests="7" failures="0" timestamp="15 Oct 2019 12:24:09 GMT" time="0.11" errors="0">
  <testcase name="f" time="0.0" classname="demo.NewTest4"/>
  <testcase name="f" time="0.0" classname="demo.NewTest10"/>
  <testcase name="f" time="0.0" classname="demo.NewTest"/>
  <testcase name="f" time="0.0" classname="demo.NewTest9"/>
  <testcase name="f" time="0.016" classname="demo.NewTest7"/>
  <testcase name="rum" time="0.0" classname="demo.NewTest5"/>
  <testcase name="f" time="0.0" classname="demo.NewTest5"/>
</testsuite> <!-- Test -->
